<?xml version="1.0" encoding="UTF-8" ?>
<testsuite tests="1" failures="0" name="com.diego.mid.productTest.ProductDAOTest" time="0.2" errors="1" skipped="0">
  <properties>
[...]
</properties>
  <testcase classname="com.diego.mid.productTest.ProductDAOTest" name="productInsertTest" time="0.2">
    <error message="nested exception is org.apache.ibatis.type.TypeException: Could not set parameters for mapping: ParameterMapping{property=&apos;contents&apos;, mode=IN, javaType=class java.lang.String, jdbcType=null, numericScale=null, resultMapId=&apos;null&apos;, jdbcTypeName=&apos;null&apos;, expression=&apos;null&apos;}. Cause: org.apache.ibatis.type.TypeException: Error setting null for parameter #6 with JdbcType OTHER . Try setting a different JdbcType for this parameter or a different jdbcTypeForNull configuration property. Cause: java.sql.SQLException: 부적합한 열 유형: 1111" type="org.mybatis.spring.MyBatisSystemException">org.mybatis.spring.MyBatisSystemException: nested exception is org.apache.ibatis.type.TypeException: Could not set parameters for mapping: ParameterMapping{property=&apos;contents&apos;, mode=IN, javaType=class java.lang.String, jdbcType=null, numericScale=null, resultMapId=&apos;null&apos;, jdbcTypeName=&apos;null&apos;, expression=&apos;null&apos;}. Cause: org.apache.ibatis.type.TypeException: Error setting null for parameter #6 with JdbcType OTHER . Try setting a different JdbcType for this parameter or a different jdbcTypeForNull configuration property. Cause: java.sql.SQLException: 부적합한 열 유형: 1111
	at org.mybatis.spring.MyBatisExceptionTranslator.translateExceptionIfPossible(MyBatisExceptionTranslator.java:77)
	at org.mybatis.spring.SqlSessionTemplate$SqlSessionInterceptor.invoke(SqlSessionTemplate.java:446)
	at com.sun.proxy.$Proxy30.insert(Unknown Source)
	at org.mybatis.spring.SqlSessionTemplate.insert(SqlSessionTemplate.java:278)
	at com.diego.mid.dao.ProductDAO.productInsert(ProductDAO.java:44)
	at com.diego.mid.productTest.ProductDAOTest.productInsertTest(ProductDAOTest.java:36)
	at sun.reflect.NativeMethodAccessorImpl.invoke0(Native Method)
	at sun.reflect.NativeMethodAccessorImpl.invoke(NativeMethodAccessorImpl.java:62)
	at sun.reflect.DelegatingMethodAccessorImpl.invoke(DelegatingMethodAccessorImpl.java:43)
	at java.lang.reflect.Method.invoke(Method.java:498)
	at org.junit.runners.model.FrameworkMethod$1.runReflectiveCall(FrameworkMethod.java:50)
	at org.junit.internal.runners.model.ReflectiveCallable.run(ReflectiveCallable.java:12)
	at org.junit.runners.model.FrameworkMethod.invokeExplosively(FrameworkMethod.java:47)
	at org.junit.internal.runners.statements.InvokeMethod.evaluate(InvokeMethod.java:17)
	at org.springframework.test.context.junit4.statements.RunBeforeTestMethodCallbacks.evaluate(RunBeforeTestMethodCallbacks.java:75)
	at org.springframework.test.context.junit4.statements.RunAfterTestMethodCallbacks.evaluate(RunAfterTestMethodCallbacks.java:86)
	at org.springframework.test.context.junit4.statements.SpringRepeat.evaluate(SpringRepeat.java:84)
	at org.junit.runners.ParentRunner.runLeaf(ParentRunner.java:325)
	at org.springframework.test.context.junit4.SpringJUnit4ClassRunner.runChild(SpringJUnit4ClassRunner.java:252)
	at org.springframework.test.context.junit4.SpringJUnit4ClassRunner.runChild(SpringJUnit4ClassRunner.java:94)
	at org.junit.runners.ParentRunner$3.run(ParentRunner.java:290)
	at org.junit.runners.ParentRunner$1.schedule(ParentRunner.java:71)
	at org.junit.runners.ParentRunner.runChildren(ParentRunner.java:288)
	at org.junit.runners.ParentRunner.access$000(ParentRunner.java:58)
	at org.junit.runners.ParentRunner$2.evaluate(ParentRunner.java:268)
	at org.springframework.test.context.junit4.statements.RunBeforeTestClassCallbacks.evaluate(RunBeforeTestClassCallbacks.java:61)
	at org.springframework.test.context.junit4.statements.RunAfterTestClassCallbacks.evaluate(RunAfterTestClassCallbacks.java:70)
	at org.junit.runners.ParentRunner.run(ParentRunner.java:363)
	at org.springframework.test.context.junit4.SpringJUnit4ClassRunner.run(SpringJUnit4ClassRunner.java:191)
	at org.apache.maven.surefire.junit4.JUnit4Provider.execute(JUnit4Provider.java:252)
	at org.apache.maven.surefire.junit4.JUnit4Provider.executeTestSet(JUnit4Provider.java:141)
	at org.apache.maven.surefire.junit4.JUnit4Provider.invoke(JUnit4Provider.java:112)
	at sun.reflect.NativeMethodAccessorImpl.invoke0(Native Method)
	at sun.reflect.NativeMethodAccessorImpl.invoke(NativeMethodAccessorImpl.java:62)
	at sun.reflect.DelegatingMethodAccessorImpl.invoke(DelegatingMethodAccessorImpl.java:43)
	at java.lang.reflect.Method.invoke(Method.java:498)
	at org.apache.maven.surefire.util.ReflectionUtils.invokeMethodWithArray(ReflectionUtils.java:189)
	at org.apache.maven.surefire.booter.ProviderFactory$ProviderProxy.invoke(ProviderFactory.java:165)
	at org.apache.maven.surefire.booter.ProviderFactory.invokeProvider(ProviderFactory.java:85)
	at org.apache.maven.surefire.booter.ForkedBooter.runSuitesInProcess(ForkedBooter.java:115)
	at org.apache.maven.surefire.booter.ForkedBooter.main(ForkedBooter.java:75)
Caused by: org.apache.ibatis.type.TypeException: Could not set parameters for mapping: ParameterMapping{property=&apos;contents&apos;, mode=IN, javaType=class java.lang.String, jdbcType=null, numericScale=null, resultMapId=&apos;null&apos;, jdbcTypeName=&apos;null&apos;, expression=&apos;null&apos;}. Cause: org.apache.ibatis.type.TypeException: Error setting null for parameter #6 with JdbcType OTHER . Try setting a different JdbcType for this parameter or a different jdbcTypeForNull configuration property. Cause: java.sql.SQLException: 부적합한 열 유형: 1111
	at org.apache.ibatis.scripting.defaults.DefaultParameterHandler.setParameters(DefaultParameterHandler.java:89)
	at org.apache.ibatis.executor.statement.PreparedStatementHandler.parameterize(PreparedStatementHandler.java:93)
	at org.apache.ibatis.executor.statement.RoutingStatementHandler.parameterize(RoutingStatementHandler.java:64)
	at org.apache.ibatis.executor.SimpleExecutor.prepareStatement(SimpleExecutor.java:86)
	at org.apache.ibatis.executor.SimpleExecutor.doUpdate(SimpleExecutor.java:49)
	at org.apache.ibatis.executor.BaseExecutor.update(BaseExecutor.java:117)
	at org.apache.ibatis.executor.CachingExecutor.update(CachingExecutor.java:76)
	at org.apache.ibatis.session.defaults.DefaultSqlSession.update(DefaultSqlSession.java:198)
	at org.apache.ibatis.session.defaults.DefaultSqlSession.insert(DefaultSqlSession.java:185)
	at sun.reflect.NativeMethodAccessorImpl.invoke0(Native Method)
	at sun.reflect.NativeMethodAccessorImpl.invoke(NativeMethodAccessorImpl.java:62)
	at sun.reflect.DelegatingMethodAccessorImpl.invoke(DelegatingMethodAccessorImpl.java:43)
	at java.lang.reflect.Method.invoke(Method.java:498)
	at org.mybatis.spring.SqlSessionTemplate$SqlSessionInterceptor.invoke(SqlSessionTemplate.java:433)
	... 39 more
Caused by: org.apache.ibatis.type.TypeException: Error setting null for parameter #6 with JdbcType OTHER . Try setting a different JdbcType for this parameter or a different jdbcTypeForNull configuration property. Cause: java.sql.SQLException: 부적합한 열 유형: 1111
	at org.apache.ibatis.type.BaseTypeHandler.setParameter(BaseTypeHandler.java:47)
	at org.apache.ibatis.scripting.defaults.DefaultParameterHandler.setParameters(DefaultParameterHandler.java:87)
	... 52 more
Caused by: java.sql.SQLException: 부적합한 열 유형: 1111
	at oracle.jdbc.driver.OracleStatement.getInternalType(OracleStatement.java:3950)
	at oracle.jdbc.driver.OraclePreparedStatement.setNullCritical(OraclePreparedStatement.java:4559)
	at oracle.jdbc.driver.OraclePreparedStatement.setNull(OraclePreparedStatement.java:4541)
	at oracle.jdbc.driver.OraclePreparedStatementWrapper.setNull(OraclePreparedStatementWrapper.java:1283)
	at org.apache.ibatis.type.BaseTypeHandler.setParameter(BaseTypeHandler.java:45)
	... 53 more
</error>
    <system-out>INFO : org.springframework.test.context.support.DefaultTestContextBootstrapper - Loaded default TestExecutionListener class names from location [META-INF/spring.factories]: [org.springframework.test.context.web.ServletTestExecutionListener, org.springframework.test.context.support.DirtiesContextBeforeModesTestExecutionListener, org.springframework.test.context.support.DependencyInjectionTestExecutionListener, org.springframework.test.context.support.DirtiesContextTestExecutionListener, org.springframework.test.context.transaction.TransactionalTestExecutionListener, org.springframework.test.context.jdbc.SqlScriptsTestExecutionListener]
INFO : org.springframework.test.context.support.DefaultTestContextBootstrapper - Using TestExecutionListeners: [org.springframework.test.context.web.ServletTestExecutionListener@71318ec4, org.springframework.test.context.support.DirtiesContextBeforeModesTestExecutionListener@21213b92, org.springframework.test.context.support.DependencyInjectionTestExecutionListener@a67c67e, org.springframework.test.context.support.DirtiesContextTestExecutionListener@3327bd23, org.springframework.test.context.transaction.TransactionalTestExecutionListener@4e1d422d, org.springframework.test.context.jdbc.SqlScriptsTestExecutionListener@66480dd7]
INFO : org.springframework.beans.factory.xml.XmlBeanDefinitionReader - Loading XML bean definitions from file [C:\sungju\workspaceSpring\Diego\src\main\webapp\WEB-INF\spring\appServlet\servlet-context.xml]
INFO : org.springframework.beans.factory.xml.XmlBeanDefinitionReader - Loading XML bean definitions from file [C:\sungju\workspaceSpring\Diego\src\main\webapp\WEB-INF\spring\root-context.xml]
INFO : org.springframework.context.support.GenericApplicationContext - Refreshing org.springframework.context.support.GenericApplicationContext@63e2203c: startup date [Tue Dec 24 12:09:13 KST 2019]; root of context hierarchy
INFO : org.springframework.context.support.PropertySourcesPlaceholderConfigurer - Loading properties file from file [C:\sungju\workspaceSpring\Diego\target\classes\properties\diego.properties]
INFO : org.springframework.beans.factory.annotation.AutowiredAnnotationBeanPostProcessor - JSR-330 &apos;javax.inject.Inject&apos; annotation found and supported for autowiring
INFO : org.springframework.web.servlet.mvc.method.annotation.RequestMappingHandlerMapping - Mapped &quot;{[/admin/**/productDelete],methods=[GET || POST]}&quot; onto public org.springframework.web.servlet.ModelAndView com.diego.mid.controller.AdminController.productDelete(com.diego.mid.model.admin.ProManageVO,java.lang.String[]) throws java.lang.Exception
INFO : org.springframework.web.servlet.mvc.method.annotation.RequestMappingHandlerMapping - Mapped &quot;{[/admin/**/adminUpdate],methods=[GET]}&quot; onto public void com.diego.mid.controller.AdminController.adminUpdate() throws java.lang.Exception
INFO : org.springframework.web.servlet.mvc.method.annotation.RequestMappingHandlerMapping - Mapped &quot;{[/admin/**/adminUpdate],methods=[POST]}&quot; onto public org.springframework.web.servlet.ModelAndView com.diego.mid.controller.AdminController.adminUpdate(com.diego.mid.model.admin.AdminVO,javax.servlet.http.HttpSession) throws java.lang.Exception
INFO : org.springframework.web.servlet.mvc.method.annotation.RequestMappingHandlerMapping - Mapped &quot;{[/admin/**/adminLogout],methods=[GET]}&quot; onto public java.lang.String com.diego.mid.controller.AdminController.adminLogout(javax.servlet.http.HttpSession) throws java.lang.Exception
INFO : org.springframework.web.servlet.mvc.method.annotation.RequestMappingHandlerMapping - Mapped &quot;{[/admin/**/adminCheckId],methods=[GET]}&quot; onto public void com.diego.mid.controller.AdminController.adminCheckId(com.diego.mid.model.admin.AdminVO,org.springframework.ui.Model) throws java.lang.Exception
INFO : org.springframework.web.servlet.mvc.method.annotation.RequestMappingHandlerMapping - Mapped &quot;{[/admin/**/adminJoin],methods=[POST]}&quot; onto public org.springframework.web.servlet.ModelAndView com.diego.mid.controller.AdminController.adminJoin(com.diego.mid.model.admin.AdminVO) throws java.lang.Exception
INFO : org.springframework.web.servlet.mvc.method.annotation.RequestMappingHandlerMapping - Mapped &quot;{[/admin/**/adminJoin],methods=[GET]}&quot; onto public void com.diego.mid.controller.AdminController.adminJoin() throws java.lang.Exception
INFO : org.springframework.web.servlet.mvc.method.annotation.RequestMappingHandlerMapping - Mapped &quot;{[/admin/**/memberList],methods=[GET]}&quot; onto public org.springframework.web.servlet.ModelAndView com.diego.mid.controller.AdminController.memberList(com.diego.mid.util.Pager) throws java.lang.Exception
INFO : org.springframework.web.servlet.mvc.method.annotation.RequestMappingHandlerMapping - Mapped &quot;{[/admin/**/adminMypage],methods=[GET]}&quot; onto public void com.diego.mid.controller.AdminController.adminMypage(javax.servlet.http.HttpSession) throws java.lang.Exception
INFO : org.springframework.web.servlet.mvc.method.annotation.RequestMappingHandlerMapping - Mapped &quot;{[/admin/**/memberUpdate],methods=[GET]}&quot; onto public java.lang.String com.diego.mid.controller.AdminController.memberUpdate(com.diego.mid.model.member.MemberVO,org.springframework.ui.Model) throws java.lang.Exception
INFO : org.springframework.web.servlet.mvc.method.annotation.RequestMappingHandlerMapping - Mapped &quot;{[/admin/**/memberUpdate],methods=[POST]}&quot; onto public org.springframework.web.servlet.ModelAndView com.diego.mid.controller.AdminController.memberUpdate(com.diego.mid.model.member.MemberVO) throws java.lang.Exception
INFO : org.springframework.web.servlet.mvc.method.annotation.RequestMappingHandlerMapping - Mapped &quot;{[/admin/**/adminDelete],methods=[GET]}&quot; onto public java.lang.String com.diego.mid.controller.AdminController.adminDelete(com.diego.mid.model.admin.AdminVO,javax.servlet.http.HttpSession) throws java.lang.Exception
INFO : org.springframework.web.servlet.mvc.method.annotation.RequestMappingHandlerMapping - Mapped &quot;{[/admin/**/proManageList],methods=[GET]}&quot; onto public org.springframework.web.servlet.ModelAndView com.diego.mid.controller.AdminController.proManageList(com.diego.mid.util.Pager) throws java.lang.Exception
INFO : org.springframework.web.servlet.mvc.method.annotation.RequestMappingHandlerMapping - Mapped &quot;{[/admin/**/qnaList],methods=[GET]}&quot; onto public org.springframework.web.servlet.ModelAndView com.diego.mid.controller.AdminController.qnaList(com.diego.mid.util.Pager) throws java.lang.Exception
INFO : org.springframework.web.servlet.mvc.method.annotation.RequestMappingHandlerMapping - Mapped &quot;{[/admin/**/adminLogin],methods=[POST]}&quot; onto public java.lang.String com.diego.mid.controller.AdminController.adminLogin(com.diego.mid.model.admin.AdminVO,javax.servlet.http.HttpSession) throws java.lang.Exception
INFO : org.springframework.web.servlet.mvc.method.annotation.RequestMappingHandlerMapping - Mapped &quot;{[/admin/**/adminLogin],methods=[GET]}&quot; onto public void com.diego.mid.controller.AdminController.adminLogin() throws java.lang.Exception
INFO : org.springframework.web.servlet.mvc.method.annotation.RequestMappingHandlerMapping - Mapped &quot;{[/admin/delivery/**/deliveryDelete],methods=[GET]}&quot; onto public java.lang.String com.diego.mid.controller.DeliveryController.deliveryDelete(com.diego.mid.model.admin.DeliveryVO) throws java.lang.Exception
INFO : org.springframework.web.servlet.mvc.method.annotation.RequestMappingHandlerMapping - Mapped &quot;{[/admin/delivery/**/deliveryCheck],methods=[GET]}&quot; onto public void com.diego.mid.controller.DeliveryController.deliveryCheck() throws java.lang.Exception
INFO : org.springframework.web.servlet.mvc.method.annotation.RequestMappingHandlerMapping - Mapped &quot;{[/admin/delivery/**/deliveryList],methods=[GET]}&quot; onto public org.springframework.web.servlet.ModelAndView com.diego.mid.controller.DeliveryController.deliveryList(com.diego.mid.util.Pager) throws java.lang.Exception
INFO : org.springframework.web.servlet.mvc.method.annotation.RequestMappingHandlerMapping - Mapped &quot;{[/admin/delivery/**/deliveryUpdate],methods=[GET]}&quot; onto public java.lang.String com.diego.mid.controller.DeliveryController.deliveryUpdate(com.diego.mid.model.admin.DeliveryVO,org.springframework.ui.Model) throws java.lang.Exception
INFO : org.springframework.web.servlet.mvc.method.annotation.RequestMappingHandlerMapping - Mapped &quot;{[/admin/delivery/**/deliveryUpdate],methods=[POST]}&quot; onto public org.springframework.web.servlet.ModelAndView com.diego.mid.controller.DeliveryController.deliveryUpdate(com.diego.mid.model.admin.DeliveryVO) throws java.lang.Exception
INFO : org.springframework.web.servlet.mvc.method.annotation.RequestMappingHandlerMapping - Mapped &quot;{[/admin/delivery/**/deliveryInsert],methods=[GET]}&quot; onto public void com.diego.mid.controller.DeliveryController.deliveryInsert() throws java.lang.Exception
INFO : org.springframework.web.servlet.mvc.method.annotation.RequestMappingHandlerMapping - Mapped &quot;{[/admin/delivery/**/deliveryInsert],methods=[POST]}&quot; onto public org.springframework.web.servlet.ModelAndView com.diego.mid.controller.DeliveryController.deliveryInsert(com.diego.mid.model.admin.DeliveryVO) throws java.lang.Exception
INFO : org.springframework.web.servlet.mvc.method.annotation.RequestMappingHandlerMapping - Mapped &quot;{[/faq/**/faqWrite],methods=[POST]}&quot; onto public org.springframework.web.servlet.ModelAndView com.diego.mid.controller.FAQController.faqWrite(com.diego.mid.model.board.FAQVO) throws java.lang.Exception
INFO : org.springframework.web.servlet.mvc.method.annotation.RequestMappingHandlerMapping - Mapped &quot;{[/faq/**/faqWrite],methods=[GET]}&quot; onto public java.lang.String com.diego.mid.controller.FAQController.faqWrite(org.springframework.ui.Model) throws java.lang.Exception
INFO : org.springframework.web.servlet.mvc.method.annotation.RequestMappingHandlerMapping - Mapped &quot;{[/faq/**/faqSelect]}&quot; onto public org.springframework.web.servlet.ModelAndView com.diego.mid.controller.FAQController.faqSelect(com.diego.mid.model.board.FAQVO) throws java.lang.Exception
INFO : org.springframework.web.servlet.mvc.method.annotation.RequestMappingHandlerMapping - Mapped &quot;{[/faq/**/faqList]}&quot; onto public org.springframework.web.servlet.ModelAndView com.diego.mid.controller.FAQController.faqList(com.diego.mid.util.Pager) throws java.lang.Exception
INFO : org.springframework.web.servlet.mvc.method.annotation.RequestMappingHandlerMapping - Mapped &quot;{[/faq/**/faqUpdate],methods=[GET]}&quot; onto public java.lang.String com.diego.mid.controller.FAQController.faqUpdate(com.diego.mid.model.board.FAQVO,org.springframework.ui.Model) throws java.lang.Exception
INFO : org.springframework.web.servlet.mvc.method.annotation.RequestMappingHandlerMapping - Mapped &quot;{[/faq/**/faqUpdate],methods=[POST]}&quot; onto public org.springframework.web.servlet.ModelAndView com.diego.mid.controller.FAQController.faqUpdate(com.diego.mid.model.board.FAQVO) throws java.lang.Exception
INFO : org.springframework.web.servlet.mvc.method.annotation.RequestMappingHandlerMapping - Mapped &quot;{[/faq/**/faqDelete]}&quot; onto public org.springframework.web.servlet.ModelAndView com.diego.mid.controller.FAQController.faqDelete(com.diego.mid.model.board.FAQVO) throws java.lang.Exception
INFO : org.springframework.web.servlet.mvc.method.annotation.RequestMappingHandlerMapping - Mapped &quot;{[/member/**/memberSelect],methods=[GET]}&quot; onto public void com.diego.mid.controller.MemberCotroller.memberSelect(javax.servlet.http.HttpSession)
INFO : org.springframework.web.servlet.mvc.method.annotation.RequestMappingHandlerMapping - Mapped &quot;{[/member/**/memberUpdate],methods=[POST]}&quot; onto public org.springframework.web.servlet.ModelAndView com.diego.mid.controller.MemberCotroller.memberUpdate(com.diego.mid.model.member.MemberVO,javax.servlet.http.HttpSession) throws java.lang.Exception
INFO : org.springframework.web.servlet.mvc.method.annotation.RequestMappingHandlerMapping - Mapped &quot;{[/member/**/memberUpdate],methods=[GET]}&quot; onto public void com.diego.mid.controller.MemberCotroller.memberUpdate(javax.servlet.http.HttpSession)
INFO : org.springframework.web.servlet.mvc.method.annotation.RequestMappingHandlerMapping - Mapped &quot;{[/member/**/memberInsert],methods=[GET]}&quot; onto public void com.diego.mid.controller.MemberCotroller.memberInsert()
INFO : org.springframework.web.servlet.mvc.method.annotation.RequestMappingHandlerMapping - Mapped &quot;{[/member/**/memberInsert],methods=[POST]}&quot; onto public org.springframework.web.servlet.ModelAndView com.diego.mid.controller.MemberCotroller.memberInsert(com.diego.mid.model.member.MemberVO) throws java.lang.Exception
INFO : org.springframework.web.servlet.mvc.method.annotation.RequestMappingHandlerMapping - Mapped &quot;{[/member/**/memberLogin],methods=[POST]}&quot; onto public org.springframework.web.servlet.ModelAndView com.diego.mid.controller.MemberCotroller.memberLogin(com.diego.mid.model.member.MemberVO,javax.servlet.http.HttpSession) throws java.lang.Exception
INFO : org.springframework.web.servlet.mvc.method.annotation.RequestMappingHandlerMapping - Mapped &quot;{[/member/**/memberLogin],methods=[GET]}&quot; onto public void com.diego.mid.controller.MemberCotroller.memberLogin()
INFO : org.springframework.web.servlet.mvc.method.annotation.RequestMappingHandlerMapping - Mapped &quot;{[/member/**/memberLogout],methods=[GET]}&quot; onto public java.lang.String com.diego.mid.controller.MemberCotroller.memberLogout(javax.servlet.http.HttpSession)
INFO : org.springframework.web.servlet.mvc.method.annotation.RequestMappingHandlerMapping - Mapped &quot;{[/member/**/memberDelete],methods=[GET]}&quot; onto public org.springframework.web.servlet.ModelAndView com.diego.mid.controller.MemberCotroller.memberDelete(com.diego.mid.model.member.MemberVO,javax.servlet.http.HttpSession) throws java.lang.Exception
INFO : org.springframework.web.servlet.mvc.method.annotation.RequestMappingHandlerMapping - Mapped &quot;{[/member/memberManage/**/wishListSelectList],methods=[GET]}&quot; onto public org.springframework.web.servlet.ModelAndView com.diego.mid.controller.MemberManageController.wishListSelectList(javax.servlet.http.HttpSession,com.diego.mid.util.MPager) throws java.lang.Exception
INFO : org.springframework.web.servlet.mvc.method.annotation.RequestMappingHandlerMapping - Mapped &quot;{[/member/memberManage/**/wishListCheckInsert],methods=[POST]}&quot; onto public org.springframework.web.servlet.ModelAndView com.diego.mid.controller.MemberManageController.wishListCheckInsert(com.diego.mid.model.product.ProductVO,com.diego.mid.model.member.Wishlist,java.lang.String[]) throws java.lang.Exception
INFO : org.springframework.web.servlet.mvc.method.annotation.RequestMappingHandlerMapping - Mapped &quot;{[/member/memberManage/**/pointInsert],methods=[POST]}&quot; onto public org.springframework.web.servlet.ModelAndView com.diego.mid.controller.MemberManageController.pointInsert(com.diego.mid.model.member.Point) throws java.lang.Exception
INFO : org.springframework.web.servlet.mvc.method.annotation.RequestMappingHandlerMapping - Mapped &quot;{[/member/memberManage/**/pointInsert],methods=[GET]}&quot; onto public org.springframework.web.servlet.ModelAndView com.diego.mid.controller.MemberManageController.pointInsert(javax.servlet.http.HttpSession) throws java.lang.Exception
INFO : org.springframework.web.servlet.mvc.method.annotation.RequestMappingHandlerMapping - Mapped &quot;{[/member/memberManage/**/kakaoPay],methods=[POST]}&quot; onto public java.lang.String com.diego.mid.controller.MemberManageController.kakaoPay(com.diego.mid.model.member.Orders,com.diego.mid.model.member.Point,javax.servlet.http.HttpSession,com.diego.mid.model.member.Coupon) throws java.lang.Exception
INFO : org.springframework.web.servlet.mvc.method.annotation.RequestMappingHandlerMapping - Mapped &quot;{[/member/memberManage/**/pointUse],methods=[GET]}&quot; onto public org.springframework.web.servlet.ModelAndView com.diego.mid.controller.MemberManageController.pointUpdate(javax.servlet.http.HttpSession) throws java.lang.Exception
INFO : org.springframework.web.servlet.mvc.method.annotation.RequestMappingHandlerMapping - Mapped &quot;{[/member/memberManage/**/pointUse],methods=[POST]}&quot; onto public org.springframework.web.servlet.ModelAndView com.diego.mid.controller.MemberManageController.pointUse(com.diego.mid.model.member.Point) throws java.lang.Exception
INFO : org.springframework.web.servlet.mvc.method.annotation.RequestMappingHandlerMapping - Mapped &quot;{[/member/memberManage/**/pointMyList],methods=[GET]}&quot; onto public org.springframework.web.servlet.ModelAndView com.diego.mid.controller.MemberManageController.pointMyList(javax.servlet.http.HttpSession,com.diego.mid.util.MPager) throws java.lang.Exception
INFO : org.springframework.web.servlet.mvc.method.annotation.RequestMappingHandlerMapping - Mapped &quot;{[/member/memberManage/**/wishListAjax],methods=[GET]}&quot; onto public org.springframework.web.servlet.ModelAndView com.diego.mid.controller.MemberManageController.wishListAjax(com.diego.mid.model.member.Wishlist,com.diego.mid.util.MPager) throws java.lang.Exception
INFO : org.springframework.web.servlet.mvc.method.annotation.RequestMappingHandlerMapping - Mapped &quot;{[/member/memberManage/**/orderSelect],methods=[GET]}&quot; onto public org.springframework.web.servlet.ModelAndView com.diego.mid.controller.MemberManageController.orderSelect(com.diego.mid.model.member.Orders,javax.servlet.http.HttpSession) throws java.lang.Exception
INFO : org.springframework.web.servlet.mvc.method.annotation.RequestMappingHandlerMapping - Mapped &quot;{[/member/memberManage/**/wishListDelete],methods=[POST]}&quot; onto public org.springframework.web.servlet.ModelAndView com.diego.mid.controller.MemberManageController.wishListDelete(com.diego.mid.model.member.Wishlist,java.lang.String[]) throws java.lang.Exception
INFO : org.springframework.web.servlet.mvc.method.annotation.RequestMappingHandlerMapping - Mapped &quot;{[/member/memberManage/**/wishListClean],methods=[POST]}&quot; onto public org.springframework.web.servlet.ModelAndView com.diego.mid.controller.MemberManageController.wishListClean(com.diego.mid.model.member.Wishlist) throws java.lang.Exception
INFO : org.springframework.web.servlet.mvc.method.annotation.RequestMappingHandlerMapping - Mapped &quot;{[/member/memberManage/**/orderMyList],methods=[GET]}&quot; onto public org.springframework.web.servlet.ModelAndView com.diego.mid.controller.MemberManageController.orderMyList(javax.servlet.http.HttpSession,com.diego.mid.util.MPager) throws java.lang.Exception
INFO : org.springframework.web.servlet.mvc.method.annotation.RequestMappingHandlerMapping - Mapped &quot;{[/member/memberManage/**/couponMyList],methods=[GET]}&quot; onto public org.springframework.web.servlet.ModelAndView com.diego.mid.controller.MemberManageController.couponMyList(com.diego.mid.model.member.Coupon,javax.servlet.http.HttpSession) throws java.lang.Exception
INFO : org.springframework.web.servlet.mvc.method.annotation.RequestMappingHandlerMapping - Mapped &quot;{[/member/memberManage/**/orderInsert],methods=[POST]}&quot; onto public org.springframework.web.servlet.ModelAndView com.diego.mid.controller.MemberManageController.orderInsert(com.diego.mid.model.member.Orders,javax.servlet.http.HttpSession,com.diego.mid.model.member.Coupon,com.diego.mid.model.member.Point,com.diego.mid.model.product.ProductVO) throws java.lang.Exception
INFO : org.springframework.web.servlet.mvc.method.annotation.RequestMappingHandlerMapping - Mapped &quot;{[/member/memberManage/**/orderInsert],methods=[GET]}&quot; onto public org.springframework.web.servlet.ModelAndView com.diego.mid.controller.MemberManageController.orderInsert(javax.servlet.http.HttpSession) throws java.lang.Exception
INFO : org.springframework.web.servlet.mvc.method.annotation.RequestMappingHandlerMapping - Mapped &quot;{[/member/memberManage/**/wishListInsert],methods=[POST]}&quot; onto public org.springframework.web.servlet.ModelAndView com.diego.mid.controller.MemberManageController.wishListInsert(com.diego.mid.model.member.Wishlist) throws java.lang.Exception
INFO : org.springframework.web.servlet.mvc.method.annotation.RequestMappingHandlerMapping - Mapped &quot;{[/member/memberManage/**/wishListInsert],methods=[GET]}&quot; onto public void com.diego.mid.controller.MemberManageController.wishListInsert(javax.servlet.http.HttpSession)
INFO : org.springframework.web.servlet.mvc.method.annotation.RequestMappingHandlerMapping - Mapped &quot;{[/member/memberManage/**/wishAjaxInsert],methods=[POST]}&quot; onto public org.springframework.web.servlet.ModelAndView com.diego.mid.controller.MemberManageController.wishAjaxInsert(com.diego.mid.model.product.ProductVO,com.diego.mid.model.member.Wishlist) throws java.lang.Exception
INFO : org.springframework.web.servlet.mvc.method.annotation.RequestMappingHandlerMapping - Mapped &quot;{[/member/memberManage/**/pointListAjax],methods=[POST]}&quot; onto public org.springframework.web.servlet.ModelAndView com.diego.mid.controller.MemberManageController.pointListAjax(com.diego.mid.model.member.Point,com.diego.mid.util.MPager) throws java.lang.Exception
INFO : org.springframework.web.servlet.mvc.method.annotation.RequestMappingHandlerMapping - Mapped &quot;{[/member/memberManage/**/pointList],methods=[GET]}&quot; onto public org.springframework.web.servlet.ModelAndView com.diego.mid.controller.MemberManageController.pointList() throws java.lang.Exception
INFO : org.springframework.web.servlet.mvc.method.annotation.RequestMappingHandlerMapping - Mapped &quot;{[/member/memberManage/**/orderInsertAjax],methods=[POST]}&quot; onto public org.springframework.web.servlet.ModelAndView com.diego.mid.controller.MemberManageController.orderInsertAjax(com.diego.mid.model.member.Orders,javax.servlet.http.HttpSession,com.diego.mid.model.member.Coupon,com.diego.mid.model.member.Point,com.diego.mid.model.product.ProductVO) throws java.lang.Exception
INFO : org.springframework.web.servlet.mvc.method.annotation.RequestMappingHandlerMapping - Mapped &quot;{[/member/memberManage/**/orderInsertAjax],methods=[GET]}&quot; onto public org.springframework.web.servlet.ModelAndView com.diego.mid.controller.MemberManageController.orderInsertAjax(com.diego.mid.model.product.ProductVO,javax.servlet.http.HttpSession) throws java.lang.Exception
INFO : org.springframework.web.servlet.mvc.method.annotation.RequestMappingHandlerMapping - Mapped &quot;{[/member/memberManage/**/couponList],methods=[GET]}&quot; onto public org.springframework.web.servlet.ModelAndView com.diego.mid.controller.MemberManageController.couponList() throws java.lang.Exception
INFO : org.springframework.web.servlet.mvc.method.annotation.RequestMappingHandlerMapping - Mapped &quot;{[/member/memberManage/**/kakaoPay],methods=[GET]}&quot; onto public void com.diego.mid.controller.MemberManageController.kakaoPayGet()
INFO : org.springframework.web.servlet.mvc.method.annotation.RequestMappingHandlerMapping - Mapped &quot;{[/member/memberManage/**/cartAjaxInsert],methods=[POST]}&quot; onto public org.springframework.web.servlet.ModelAndView com.diego.mid.controller.MemberManageController.cartAjaxInsert(com.diego.mid.model.member.Cart,com.diego.mid.model.product.ProductVO,javax.servlet.http.HttpSession) throws java.lang.Exception
INFO : org.springframework.web.servlet.mvc.method.annotation.RequestMappingHandlerMapping - Mapped &quot;{[/member/memberManage/**/orderCancelList],methods=[GET]}&quot; onto public org.springframework.web.servlet.ModelAndView com.diego.mid.controller.MemberManageController.orderCancelList(com.diego.mid.model.member.Orders,javax.servlet.http.HttpSession,com.diego.mid.util.MPager) throws java.lang.Exception
INFO : org.springframework.web.servlet.mvc.method.annotation.RequestMappingHandlerMapping - Mapped &quot;{[/member/memberManage/**/cartCheckInsert],methods=[POST]}&quot; onto public org.springframework.web.servlet.ModelAndView com.diego.mid.controller.MemberManageController.cartCheckInsert(com.diego.mid.model.product.ProductVO,com.diego.mid.model.member.Cart,java.lang.String[],javax.servlet.http.HttpSession) throws java.lang.Exception
INFO : org.springframework.web.servlet.mvc.method.annotation.RequestMappingHandlerMapping - Mapped &quot;{[/member/memberManage/**/orderCancel],methods=[POST]}&quot; onto public org.springframework.web.servlet.ModelAndView com.diego.mid.controller.MemberManageController.orderCancel(com.diego.mid.model.member.Orders,javax.servlet.http.HttpSession) throws java.lang.Exception
INFO : org.springframework.web.servlet.mvc.method.annotation.RequestMappingHandlerMapping - Mapped &quot;{[/member/memberManage/**/cartInsert],methods=[POST]}&quot; onto public org.springframework.web.servlet.ModelAndView com.diego.mid.controller.MemberManageController.cartInsert(com.diego.mid.model.member.Cart,javax.servlet.http.HttpSession) throws java.lang.Exception
INFO : org.springframework.web.servlet.mvc.method.annotation.RequestMappingHandlerMapping - Mapped &quot;{[/member/memberManage/**/cartClean],methods=[POST]}&quot; onto public org.springframework.web.servlet.ModelAndView com.diego.mid.controller.MemberManageController.cartClean(com.diego.mid.model.member.Cart,javax.servlet.http.HttpSession) throws java.lang.Exception
INFO : org.springframework.web.servlet.mvc.method.annotation.RequestMappingHandlerMapping - Mapped &quot;{[/member/memberManage/**/orderAllList],methods=[GET]}&quot; onto public org.springframework.web.servlet.ModelAndView com.diego.mid.controller.MemberManageController.orderAllList(com.diego.mid.model.member.Orders,javax.servlet.http.HttpSession,com.diego.mid.util.MPager) throws java.lang.Exception
INFO : org.springframework.web.servlet.mvc.method.annotation.RequestMappingHandlerMapping - Mapped &quot;{[/member/memberManage/**/cartUpdate],methods=[POST]}&quot; onto public org.springframework.web.servlet.ModelAndView com.diego.mid.controller.MemberManageController.cartUpdate(com.diego.mid.model.member.Cart) throws java.lang.Exception
INFO : org.springframework.web.servlet.mvc.method.annotation.RequestMappingHandlerMapping - Mapped &quot;{[/member/memberManage/**/orderUpdate],methods=[POST]}&quot; onto public org.springframework.web.servlet.ModelAndView com.diego.mid.controller.MemberManageController.orderUpdate(com.diego.mid.model.member.Orders) throws java.lang.Exception
INFO : org.springframework.web.servlet.mvc.method.annotation.RequestMappingHandlerMapping - Mapped &quot;{[/member/memberManage/**/orderUpdate],methods=[GET]}&quot; onto public org.springframework.web.servlet.ModelAndView com.diego.mid.controller.MemberManageController.orderUpdate(com.diego.mid.model.member.Orders,javax.servlet.http.HttpSession) throws java.lang.Exception
INFO : org.springframework.web.servlet.mvc.method.annotation.RequestMappingHandlerMapping - Mapped &quot;{[/member/memberManage/**/cartList],methods=[GET]}&quot; onto public org.springframework.web.servlet.ModelAndView com.diego.mid.controller.MemberManageController.cartList(com.diego.mid.model.member.Cart,javax.servlet.http.HttpSession,com.diego.mid.util.MPager) throws java.lang.Exception
INFO : org.springframework.web.servlet.mvc.method.annotation.RequestMappingHandlerMapping - Mapped &quot;{[/member/memberManage/**/cartDelete],methods=[POST]}&quot; onto public org.springframework.web.servlet.ModelAndView com.diego.mid.controller.MemberManageController.cartDelete(com.diego.mid.model.member.Cart,java.lang.String[],javax.servlet.http.HttpSession) throws java.lang.Exception
INFO : org.springframework.web.servlet.mvc.method.annotation.RequestMappingHandlerMapping - Mapped &quot;{[/member/memberManage/**/kakaoPayFail],methods=[GET]}&quot; onto public org.springframework.web.servlet.ModelAndView com.diego.mid.controller.MemberManageController.kakaoPayFail() throws java.lang.Exception
INFO : org.springframework.web.servlet.mvc.method.annotation.RequestMappingHandlerMapping - Mapped &quot;{[/member/memberManage/**/payPage],methods=[GET]}&quot; onto public org.springframework.web.servlet.ModelAndView com.diego.mid.controller.MemberManageController.payPage(javax.servlet.http.HttpSession,java.lang.String[]) throws java.lang.Exception
INFO : org.springframework.web.servlet.mvc.method.annotation.RequestMappingHandlerMapping - Mapped &quot;{[/member/memberManage/**/couponMaker],methods=[POST]}&quot; onto public org.springframework.web.servlet.ModelAndView com.diego.mid.controller.MemberManageController.couponMaker(com.diego.mid.model.member.Coupon) throws java.lang.Exception
INFO : org.springframework.web.servlet.mvc.method.annotation.RequestMappingHandlerMapping - Mapped &quot;{[/member/memberManage/**/couponMaker],methods=[GET]}&quot; onto public void com.diego.mid.controller.MemberManageController.couponMaker() throws java.lang.Exception
INFO : org.springframework.web.servlet.mvc.method.annotation.RequestMappingHandlerMapping - Mapped &quot;{[/member/memberManage/**/kakaoPayCancel],methods=[GET]}&quot; onto public org.springframework.web.servlet.ModelAndView com.diego.mid.controller.MemberManageController.kakaoPayCancel() throws java.lang.Exception
INFO : org.springframework.web.servlet.mvc.method.annotation.RequestMappingHandlerMapping - Mapped &quot;{[/member/memberManage/**/couponDelete],methods=[GET]}&quot; onto public org.springframework.web.servlet.ModelAndView com.diego.mid.controller.MemberManageController.couponDelete(com.diego.mid.model.member.Coupon) throws java.lang.Exception
INFO : org.springframework.web.servlet.mvc.method.annotation.RequestMappingHandlerMapping - Mapped &quot;{[/member/memberManage/**/kakaoPaySuccess],methods=[GET]}&quot; onto public org.springframework.web.servlet.ModelAndView com.diego.mid.controller.MemberManageController.kakaoPaySuccess(java.lang.String,org.springframework.ui.Model,com.diego.mid.model.member.Orders,javax.servlet.http.HttpSession) throws java.lang.Exception
INFO : org.springframework.web.servlet.mvc.method.annotation.RequestMappingHandlerMapping - Mapped &quot;{[/member/memberManage/**/couponInsert],methods=[GET]}&quot; onto public org.springframework.web.servlet.ModelAndView com.diego.mid.controller.MemberManageController.couponInsert(com.diego.mid.model.member.Coupon,javax.servlet.http.HttpSession) throws java.lang.Exception
INFO : org.springframework.web.servlet.mvc.method.annotation.RequestMappingHandlerMapping - Mapped &quot;{[/notice/**/noticeWrite],methods=[POST]}&quot; onto public org.springframework.web.servlet.ModelAndView com.diego.mid.controller.NoticeController.noticeWrite(com.diego.mid.model.board.NoticeVO) throws java.lang.Exception
INFO : org.springframework.web.servlet.mvc.method.annotation.RequestMappingHandlerMapping - Mapped &quot;{[/notice/**/noticeWrite],methods=[GET]}&quot; onto public java.lang.String com.diego.mid.controller.NoticeController.noticeWrite() throws java.lang.Exception
INFO : org.springframework.web.servlet.mvc.method.annotation.RequestMappingHandlerMapping - Mapped &quot;{[/notice/**/noticeList]}&quot; onto public org.springframework.web.servlet.ModelAndView com.diego.mid.controller.NoticeController.noticeList(com.diego.mid.util.Pager) throws java.lang.Exception
INFO : org.springframework.web.servlet.mvc.method.annotation.RequestMappingHandlerMapping - Mapped &quot;{[/notice/**/noticeSelect]}&quot; onto public org.springframework.web.servlet.ModelAndView com.diego.mid.controller.NoticeController.noticeSelect(com.diego.mid.model.board.NoticeVO) throws java.lang.Exception
INFO : org.springframework.web.servlet.mvc.method.annotation.RequestMappingHandlerMapping - Mapped &quot;{[/notice/**/noticeDelete]}&quot; onto public org.springframework.web.servlet.ModelAndView com.diego.mid.controller.NoticeController.noticeDelete(com.diego.mid.model.board.NoticeVO) throws java.lang.Exception
INFO : org.springframework.web.servlet.mvc.method.annotation.RequestMappingHandlerMapping - Mapped &quot;{[/notice/**/noticeUpdate],methods=[GET]}&quot; onto public java.lang.String com.diego.mid.controller.NoticeController.noticeUpdate(com.diego.mid.model.board.NoticeVO,org.springframework.ui.Model) throws java.lang.Exception
INFO : org.springframework.web.servlet.mvc.method.annotation.RequestMappingHandlerMapping - Mapped &quot;{[/notice/**/noticeUpdate],methods=[POST]}&quot; onto public org.springframework.web.servlet.ModelAndView com.diego.mid.controller.NoticeController.noticeUpdate(com.diego.mid.model.board.NoticeVO) throws java.lang.Exception
INFO : org.springframework.web.servlet.mvc.method.annotation.RequestMappingHandlerMapping - Mapped &quot;{[/product/**/productUpdate],methods=[GET]}&quot; onto public org.springframework.web.servlet.ModelAndView com.diego.mid.controller.ProductController.productUpdate(com.diego.mid.model.product.ProductVO) throws java.lang.Exception
INFO : org.springframework.web.servlet.mvc.method.annotation.RequestMappingHandlerMapping - Mapped &quot;{[/product/**/productInsert],methods=[GET]}&quot; onto public void com.diego.mid.controller.ProductController.productInsert() throws java.lang.Exception
INFO : org.springframework.web.servlet.mvc.method.annotation.RequestMappingHandlerMapping - Mapped &quot;{[/product/**/productInsert],methods=[POST]}&quot; onto public org.springframework.web.servlet.ModelAndView com.diego.mid.controller.ProductController.productInsert(com.diego.mid.model.product.ProductVO,org.springframework.web.multipart.MultipartFile[],javax.servlet.http.HttpSession) throws java.lang.Exception
INFO : org.springframework.web.servlet.mvc.method.annotation.RequestMappingHandlerMapping - Mapped &quot;{[/product/**/productDelete],methods=[POST]}&quot; onto public org.springframework.web.servlet.ModelAndView com.diego.mid.controller.ProductController.productDelete(com.diego.mid.model.product.ProductVO,java.lang.String[]) throws java.lang.Exception
INFO : org.springframework.web.servlet.mvc.method.annotation.RequestMappingHandlerMapping - Mapped &quot;{[/product/**/productSelect],methods=[GET]}&quot; onto public org.springframework.web.servlet.ModelAndView com.diego.mid.controller.ProductController.productSelect(com.diego.mid.model.product.ProductVO,com.diego.mid.util.MPager,com.diego.mid.model.product.ReviewVO) throws java.lang.Exception
INFO : org.springframework.web.servlet.mvc.method.annotation.RequestMappingHandlerMapping - Mapped &quot;{[/product/**/productList],methods=[GET || POST]}&quot; onto private org.springframework.web.servlet.ModelAndView com.diego.mid.controller.ProductController.productList(com.diego.mid.util.MPager) throws java.lang.Exception
INFO : org.springframework.web.servlet.mvc.method.annotation.RequestMappingHandlerMapping - Mapped &quot;{[/product/**/reviewDelete],methods=[GET]}&quot; onto public org.springframework.web.servlet.ModelAndView com.diego.mid.controller.ProductController.reviewDelete(com.diego.mid.model.product.ReviewVO) throws java.lang.Exception
INFO : org.springframework.web.servlet.mvc.method.annotation.RequestMappingHandlerMapping - Mapped &quot;{[/product/**/reviewUpdate],methods=[GET]}&quot; onto public org.springframework.web.servlet.ModelAndView com.diego.mid.controller.ProductController.reviewUpdate(com.diego.mid.model.product.ReviewVO,java.lang.Integer,com.diego.mid.model.product.RevFilesVO) throws java.lang.Exception
INFO : org.springframework.web.servlet.mvc.method.annotation.RequestMappingHandlerMapping - Mapped &quot;{[/product/**/productReview],methods=[POST]}&quot; onto public org.springframework.web.servlet.ModelAndView com.diego.mid.controller.ProductController.productReview(com.diego.mid.model.product.ReviewVO,javax.servlet.http.HttpSession,org.springframework.web.multipart.MultipartFile[]) throws java.lang.Exception
INFO : org.springframework.web.servlet.mvc.method.annotation.RequestMappingHandlerMapping - Mapped &quot;{[/product/**/productReview],methods=[GET]}&quot; onto public void com.diego.mid.controller.ProductController.productReview() throws java.lang.Exception
INFO : org.springframework.web.servlet.mvc.method.annotation.RequestMappingHandlerMapping - Mapped &quot;{[/product/**/selectCloth2],methods=[GET]}&quot; onto public void com.diego.mid.controller.ProductController.selectCloth2(org.springframework.ui.Model,java.lang.String) throws java.lang.Exception
INFO : org.springframework.web.servlet.mvc.method.annotation.RequestMappingHandlerMapping - Mapped &quot;{[/product/**/reviewUpdate],methods=[POST]}&quot; onto public org.springframework.web.servlet.ModelAndView com.diego.mid.controller.ProductController.reviewUpdate2(com.diego.mid.model.product.ReviewVO,javax.servlet.http.HttpSession,org.springframework.web.multipart.MultipartFile[]) throws java.lang.Exception
INFO : org.springframework.web.servlet.mvc.method.annotation.RequestMappingHandlerMapping - Mapped &quot;{[/product/**/productUpdate],methods=[POST]}&quot; onto public org.springframework.web.servlet.ModelAndView com.diego.mid.controller.ProductController.productUpdate2(com.diego.mid.model.product.ProductVO) throws java.lang.Exception
INFO : org.springframework.web.servlet.mvc.method.annotation.RequestMappingHandlerMapping - Mapped &quot;{[/product/**/selectCloth],methods=[GET]}&quot; onto public void com.diego.mid.controller.ProductController.selectCloth(org.springframework.ui.Model,java.lang.String) throws java.lang.Exception
INFO : org.springframework.web.servlet.mvc.method.annotation.RequestMappingHandlerMapping - Mapped &quot;{[/product/**/proSearch],methods=[POST]}&quot; onto private org.springframework.web.servlet.ModelAndView com.diego.mid.controller.ProductController.proSearch(com.diego.mid.util.MPager) throws java.lang.Exception
INFO : org.springframework.web.servlet.mvc.method.annotation.RequestMappingHandlerMapping - Mapped &quot;{[/product/**/proSearch],methods=[GET]}&quot; onto public void com.diego.mid.controller.ProductController.proSearch() throws java.lang.Exception
INFO : org.springframework.web.servlet.mvc.method.annotation.RequestMappingHandlerMapping - Mapped &quot;{[/prosearch/**/prosearchList],methods=[GET || POST]}&quot; onto private org.springframework.web.servlet.ModelAndView com.diego.mid.controller.ProsearchController.productList(com.diego.mid.util.Pager) throws java.lang.Exception
INFO : org.springframework.web.servlet.mvc.method.annotation.RequestMappingHandlerMapping - Mapped &quot;{[/qna/**/qnaList],methods=[GET]}&quot; onto public org.springframework.web.servlet.ModelAndView com.diego.mid.controller.QnaController.qnaList(com.diego.mid.util.PPager) throws java.lang.Exception
INFO : org.springframework.web.servlet.mvc.method.annotation.RequestMappingHandlerMapping - Mapped &quot;{[/qna/**/qnaSelect],methods=[GET]}&quot; onto public org.springframework.web.servlet.ModelAndView com.diego.mid.controller.QnaController.qnaSelect(com.diego.mid.model.product.QnaVO,java.lang.Integer) throws java.lang.Exception
INFO : org.springframework.web.servlet.mvc.method.annotation.RequestMappingHandlerMapping - Mapped &quot;{[/qna/**/qnaDelete],methods=[GET]}&quot; onto public org.springframework.web.servlet.ModelAndView com.diego.mid.controller.QnaController.qnaDelete(com.diego.mid.model.product.QnaVO) throws java.lang.Exception
INFO : org.springframework.web.servlet.mvc.method.annotation.RequestMappingHandlerMapping - Mapped &quot;{[/qna/**/qnaWrite],methods=[POST]}&quot; onto public org.springframework.web.servlet.ModelAndView com.diego.mid.controller.QnaController.qnaWrite(com.diego.mid.model.product.QnaVO) throws java.lang.Exception
INFO : org.springframework.web.servlet.mvc.method.annotation.RequestMappingHandlerMapping - Mapped &quot;{[/qna/**/qnaWrite],methods=[GET]}&quot; onto public void com.diego.mid.controller.QnaController.qnaWrite() throws java.lang.Exception
INFO : org.springframework.web.servlet.mvc.method.annotation.RequestMappingHandlerMapping - Mapped &quot;{[/qna/**/qnaReply],methods=[GET]}&quot; onto public org.springframework.web.servlet.ModelAndView com.diego.mid.controller.QnaController.qnaReply(com.diego.mid.model.product.QnaVO) throws java.lang.Exception
INFO : org.springframework.web.servlet.mvc.method.annotation.RequestMappingHandlerMapping - Mapped &quot;{[/qna/**/qnaReply],methods=[POST]}&quot; onto public org.springframework.web.servlet.ModelAndView com.diego.mid.controller.QnaController.qnaReply2(com.diego.mid.model.product.QnaVO) throws java.lang.Exception
INFO : org.springframework.web.servlet.mvc.method.annotation.RequestMappingHandlerMapping - Mapped &quot;{[/qna/**/qnaUpdate],methods=[GET]}&quot; onto public org.springframework.web.servlet.ModelAndView com.diego.mid.controller.QnaController.qnaUpdate(com.diego.mid.model.product.QnaVO,java.lang.Integer) throws java.lang.Exception
INFO : org.springframework.web.servlet.mvc.method.annotation.RequestMappingHandlerMapping - Mapped &quot;{[/qna/**/qnaUpdate],methods=[POST]}&quot; onto public org.springframework.web.servlet.ModelAndView com.diego.mid.controller.QnaController.qnaUpdate2(com.diego.mid.model.product.QnaVO) throws java.lang.Exception
INFO : org.springframework.web.servlet.mvc.method.annotation.RequestMappingHandlerMapping - Mapped &quot;{[/review/**/reviewWrite],methods=[POST]}&quot; onto public org.springframework.web.servlet.ModelAndView com.diego.mid.controller.ReviewController.reviewWrite(com.diego.mid.model.product.ReviewVO) throws java.lang.Exception
INFO : org.springframework.web.servlet.mvc.method.annotation.RequestMappingHandlerMapping - Mapped &quot;{[/review/**/reviewWrite],methods=[GET]}&quot; onto public void com.diego.mid.controller.ReviewController.reviewWrite() throws java.lang.Exception
INFO : org.springframework.web.servlet.mvc.method.annotation.RequestMappingHandlerMapping - Mapped &quot;{[/review/**/reviewList],methods=[GET]}&quot; onto public org.springframework.web.servlet.ModelAndView com.diego.mid.controller.ReviewController.reviewList(com.diego.mid.util.PPager,com.diego.mid.model.product.RevFilesVO,com.diego.mid.model.product.ReviewVO) throws java.lang.Exception
INFO : org.springframework.web.servlet.mvc.method.annotation.RequestMappingHandlerMapping - Mapped &quot;{[/review/**/selectReview],methods=[GET]}&quot; onto public org.springframework.web.servlet.ModelAndView com.diego.mid.controller.ReviewController.selectReview(com.diego.mid.model.product.ReviewVO,com.diego.mid.model.product.RevFilesVO) throws java.lang.Exception
INFO : org.springframework.web.servlet.mvc.method.annotation.RequestMappingHandlerMapping - Mapped &quot;{[/mainProduct],methods=[GET]}&quot; onto public void com.diego.mid.HomeController.mainProduct()
INFO : org.springframework.web.servlet.mvc.method.annotation.RequestMappingHandlerMapping - Mapped &quot;{[/],methods=[GET]}&quot; onto public org.springframework.web.servlet.ModelAndView com.diego.mid.HomeController.home(com.diego.mid.util.MPager,com.diego.mid.model.product.ReviewVO) throws java.lang.Exception
INFO : org.springframework.web.servlet.mvc.method.annotation.RequestMappingHandlerMapping - Mapped &quot;{[/makeDiv],methods=[GET]}&quot; onto public org.springframework.web.servlet.ModelAndView com.diego.mid.HomeController.makeDiv(com.diego.mid.util.MPager,com.diego.mid.model.product.ReviewVO) throws java.lang.Exception
INFO : org.springframework.web.servlet.mvc.method.annotation.RequestMappingHandlerMapping - Mapped &quot;{[/diego],methods=[GET]}&quot; onto public void com.diego.mid.HomeController.diego()
INFO : org.springframework.web.servlet.mvc.method.annotation.RequestMappingHandlerAdapter - Looking for @ControllerAdvice: org.springframework.context.support.GenericApplicationContext@63e2203c: startup date [Tue Dec 24 12:09:13 KST 2019]; root of context hierarchy
INFO : org.springframework.web.servlet.mvc.method.annotation.RequestMappingHandlerAdapter - Looking for @ControllerAdvice: org.springframework.context.support.GenericApplicationContext@63e2203c: startup date [Tue Dec 24 12:09:13 KST 2019]; root of context hierarchy
INFO : org.springframework.web.servlet.handler.SimpleUrlHandlerMapping - Mapped URL path [/resources/**] onto handler &apos;org.springframework.web.servlet.resource.ResourceHttpRequestHandler#0&apos;
INFO : org.springframework.jdbc.datasource.DriverManagerDataSource - Loaded JDBC driver: oracle.jdbc.driver.OracleDriver
</system-out>
  </testcase>
</testsuite>